#
# A fatal error has been detected by the Java Runtime Environment:
#
#  EXCEPTION_ACCESS_VIOLATION (0xc0000005) at pc=0x617493cd, pid=10120, tid=0x00000d5c
#
# JRE version: Java(TM) SE Runtime Environment (8.0_92-b14) (build 1.8.0_92-b14)
# Java VM: Java HotSpot(TM) Client VM (25.92-b14 mixed mode windows-x86 )
# Problematic frame:
# C  [listSerialsj.dll+0x93cd]
#
# Failed to write core dump. Minidumps are not enabled by default on client versions of Windows
#
# If you would like to submit a bug report, please visit:
#   http://bugreport.java.com/bugreport/crash.jsp
# The crash happened outside the Java Virtual Machine in native code.
# See problematic frame for where to report the bug.
#

---------------  T H R E A D  ---------------

Current thread (0x274f4400):  JavaThread "cc.arduino.packages.discoverers.serial.SerialBoardsLister" [_thread_in_native, id=3420, stack(0x03380000,0x033d0000)]

siginfo: ExceptionCode=0xc0000005, writing address 0x00000000

Registers:
EAX=0x00000000, EBX=0x00000bcc, ECX=0x00000000, EDX=0x00000001
ESP=0x033ceae0, EBP=0x033cef38, ESI=0x00000002, EDI=0x01483ca8
EIP=0x617493cd, EFLAGS=0x00010246

Top of Stack: (sp=0x033ceae0)
0x033ceae0:   2e773d30 0000002e 00000002 00000000
0x033ceaf0:   00000003 00000000 00000000 00000000
0x033ceb00:   5403580f fffffffe 0000006c 756fa540
0x033ceb10:   2a6e5218 0074dc59 01483f60 00000068
0x033ceb20:   033ceb64 00000000 0000001c 00000002
0x033ceb30:   00000001 0000006c 00000014 0000008c
0x033ceb40:   008c4fc0 00000000 334d4f43 00000000
0x033ceb50:   00425355 03816918 0000001c 00000002 

Instructions: (pc=0x617493cd)
0x617493ad:   8b 45 08 8b 90 94 00 00 00 85 d2 74 16 8b 40 2c
0x617493bd:   c7 44 24 04 2e 00 00 00 89 04 24 e8 73 14 00 00
0x617493cd:   c6 00 00 8d 85 04 fc ff ff 89 44 24 18 8d 85 0a
0x617493dd:   fc ff ff 89 44 24 10 a1 e4 01 75 61 c7 85 04 fc 


Register to memory mapping:

EAX=0x00000000 is an unknown value
EBX=0x00000bcc is an unknown value
ECX=0x00000000 is an unknown value
EDX=0x00000001 is an unknown value
ESP=0x033ceae0 is pointing into the stack for thread: 0x274f4400
EBP=0x033cef38 is pointing into the stack for thread: 0x274f4400
ESI=0x00000002 is an unknown value
EDI=0x01483ca8 is an unknown value


Stack: [0x03380000,0x033d0000],  sp=0x033ceae0,  free space=314k
Native frames: (J=compiled Java code, j=interpreted, Vv=VM code, C=native code)
C  [listSerialsj.dll+0x93cd]
C  [listSerialsj.dll+0x2211]

Java frames: (J=compiled Java code, j=interpreted, Vv=VM code)
j  processing.app.Platform.listSerialsNative()[Ljava/lang/String;+0
j  processing.app.Platform.listSerials()Ljava/util/List;+5
j  cc.arduino.packages.discoverers.serial.SerialBoardsLister.retriggerDiscovery(Z)V+22
j  cc.arduino.packages.discoverers.serial.SerialBoardsLister.run()V+9
J 2486% C1 java.util.TimerThread.mainLoop()V (232 bytes) @ 0x0373abd4 [0x0373a7a0+0x434]
j  java.util.TimerThread.run()V+1
v  ~StubRoutines::call_stub

---------------  P R O C E S S  ---------------

Java Threads: ( => current thread )
  0x2781e000 JavaThread "EventThread COM3" [_thread_in_native, id=10224, stack(0x2e600000,0x2e650000)]
  0x2781d000 JavaThread "Image Fetcher 1" daemon [_thread_blocked, id=4272, stack(0x29490000,0x294e0000)]
  0x2781a000 JavaThread "Image Fetcher 0" daemon [_thread_blocked, id=7020, stack(0x29400000,0x29450000)]
  0x2781ac00 JavaThread "DestroyJavaVM" [_thread_blocked, id=2900, stack(0x03280000,0x032d0000)]
  0x27611400 JavaThread "TimerQueue" daemon [_thread_blocked, id=6860, stack(0x29360000,0x293b0000)]
  0x27612c00 JavaThread "AWT-EventQueue-0" [_thread_blocked, id=5476, stack(0x28e20000,0x28e70000)]
  0x27610800 JavaThread "AWT-Shutdown" [_thread_blocked, id=3444, stack(0x28d90000,0x28de0000)]
  0x27612800 JavaThread "Batik CleanerThread" daemon [_thread_blocked, id=9504, stack(0x28a70000,0x28ac0000)]
  0x27613400 JavaThread "JmDNS(192-168-1-4.local.).Timer" daemon [_thread_blocked, id=7280, stack(0x28750000,0x287a0000)]
  0x27612000 JavaThread "JmDNS(192-168-1-4.local.).State.Timer" [_thread_blocked, id=6348, stack(0x286c0000,0x28710000)]
  0x27611800 JavaThread "JmDNS(192-168-1-4.local.).Timer" daemon [_thread_blocked, id=7052, stack(0x28630000,0x28680000)]
  0x27610000 JavaThread "SocketListener(192-168-1-4.local.)" daemon [_thread_in_native, id=4540, stack(0x285a0000,0x285f0000)]
  0x275d6400 JavaThread "JmDNS(fe80:0:0:0:742f:28f3:dbe9:ea2f%wlan1.local.).Timer" daemon [_thread_blocked, id=10420, stack(0x28510000,0x28560000)]
  0x275d5c00 JavaThread "JmDNS(fe80:0:0:0:742f:28f3:dbe9:ea2f%wlan1.local.).State.Timer" [_thread_blocked, id=4204, stack(0x28480000,0x284d0000)]
  0x267d3400 JavaThread "JmDNS(fe80:0:0:0:742f:28f3:dbe9:ea2f%wlan1.local.).Timer" daemon [_thread_blocked, id=9120, stack(0x283f0000,0x28440000)]
  0x275cf400 JavaThread "SocketListener(fe80:0:0:0:742f:28f3:dbe9:ea2f%wlan1.local.)" daemon [_thread_in_native, id=7072, stack(0x28350000,0x283a0000)]
  0x274f5400 JavaThread "cc.arduino.packages.discoverers.network.BoardReachabilityFilter" [_thread_blocked, id=10652, stack(0x27fc0000,0x28010000)]
  0x274f4800 JavaThread "cc.arduino.packages.discoverers.network.NetworkChecker" [_thread_blocked, id=5580, stack(0x269f0000,0x26a40000)]
=>0x274f4400 JavaThread "cc.arduino.packages.discoverers.serial.SerialBoardsLister" [_thread_in_native, id=3420, stack(0x03380000,0x033d0000)]
  0x26621c00 JavaThread "AWT-Windows" daemon [_thread_in_native, id=7476, stack(0x26a80000,0x26ad0000)]
  0x26627400 JavaThread "Java2D Disposer" daemon [_thread_blocked, id=2996, stack(0x26960000,0x269b0000)]
  0x25c58c00 JavaThread "Service Thread" daemon [_thread_blocked, id=8132, stack(0x263e0000,0x26430000)]
  0x25c52000 JavaThread "C1 CompilerThread0" daemon [_thread_blocked, id=10892, stack(0x26350000,0x263a0000)]
  0x25c51000 JavaThread "Attach Listener" daemon [_thread_blocked, id=2064, stack(0x262c0000,0x26310000)]
  0x25c4a000 JavaThread "Signal Dispatcher" daemon [_thread_blocked, id=10244, stack(0x26230000,0x26280000)]
  0x25c3a800 JavaThread "Finalizer" daemon [_thread_blocked, id=6416, stack(0x25ef0000,0x25f40000)]
  0x25c24c00 JavaThread "Reference Handler" daemon [_thread_blocked, id=6660, stack(0x25e60000,0x25eb0000)]

Other Threads:
  0x02e0d400 VMThread [stack: 0x033e0000,0x03430000] [id=9268]
  0x25cffc00 WatcherThread [stack: 0x26470000,0x264c0000] [id=10520]

VM state:not at safepoint (normal execution)

VM Mutex/Monitor currently owned by a thread: None

Heap:
 def new generation   total 39424K, used 15910K [0x05600000, 0x080c0000, 0x100a0000)
  eden space 35072K,  37% used [0x05600000, 0x062ce580, 0x07840000)
  from space 4352K,  64% used [0x07c80000, 0x07f3b2f8, 0x080c0000)
  to   space 4352K,   0% used [0x07840000, 0x07840000, 0x07c80000)
 tenured generation   total 87424K, used 34702K [0x100a0000, 0x15600000, 0x25600000)
   the space 87424K,  39% used [0x100a0000, 0x12283b60, 0x12283c00, 0x15600000)
 Metaspace       used 19091K, capacity 19582K, committed 19584K, reserved 19840K

Card table byte_map: [0x25600000,0x25710000] byte_map_base: 0x255d5000

Polling page: 0x01400000

CodeCache: size=32768Kb used=2464Kb max_used=3591Kb free=30303Kb
 bounds [0x03560000, 0x038e8000, 0x05560000]
 total_blobs=1413 nmethods=1132 adapters=209
 compilation: enabled

Compilation events (10 events):
Event: 4573.111 Thread 0x25c52000 8227             java.security.AccessControlContext::<init> (63 bytes)
Event: 4573.112 Thread 0x25c52000 nmethod 8227 0x0388d988 code [0x0388da90, 0x0388dbac]
Event: 4573.386 Thread 0x25c52000 8228             sun.java2d.SurfaceData::isValid (5 bytes)
Event: 4573.387 Thread 0x25c52000 nmethod 8228 0x0389a908 code [0x0389aa00, 0x0389aa80]
Event: 4573.479 Thread 0x25c52000 8229             sun.font.FontDesignMetrics::getHeight (35 bytes)
Event: 4573.479 Thread 0x25c52000 nmethod 8229 0x0388d748 code [0x0388d850, 0x0388d950]
Event: 4573.763 Thread 0x25c52000 8230             jssc.SerialPort::access$200 (5 bytes)
Event: 4573.763 Thread 0x25c52000 nmethod 8230 0x03898d08 code [0x03898e10, 0x03898eac]
Event: 4573.763 Thread 0x25c52000 8231             jssc.SerialPort::waitEvents (12 bytes)
Event: 4573.763 Thread 0x25c52000 nmethod 8231 0x0388d508 code [0x0388d610, 0x0388d6bc]

GC Heap History (10 events):
Event: 3626.243 GC heap before
{Heap before GC invocations=45 (full 1):
 def new generation   total 39424K, used 35320K [0x05600000, 0x080c0000, 0x100a0000)
  eden space 35072K, 100% used [0x05600000, 0x07840000, 0x07840000)
  from space 4352K,   5% used [0x07840000, 0x0787e208, 0x07c80000)
  to   space 4352K,   0% used [0x07c80000, 0x07c80000, 0x080c0000)
 tenured generation   total 87424K, used 27747K [0x100a0000, 0x15600000, 0x25600000)
   the space 87424K,  31% used [0x100a0000, 0x11bb8e08, 0x11bb9000, 0x15600000)
 Metaspace       used 18980K, capacity 19473K, committed 19584K, reserved 19840K
Event: 3626.248 GC heap after
Heap after GC invocations=46 (full 1):
 def new generation   total 39424K, used 1175K [0x05600000, 0x080c0000, 0x100a0000)
  eden space 35072K,   0% used [0x05600000, 0x05600000, 0x07840000)
  from space 4352K,  27% used [0x07c80000, 0x07da5da8, 0x080c0000)
  to   space 4352K,   0% used [0x07840000, 0x07840000, 0x07c80000)
 tenured generation   total 87424K, used 31509K [0x100a0000, 0x15600000, 0x25600000)
   the space 87424K,  36% used [0x100a0000, 0x11f65570, 0x11f65600, 0x15600000)
 Metaspace       used 18980K, capacity 19473K, committed 19584K, reserved 19840K
}
Event: 4078.366 GC heap before
{Heap before GC invocations=46 (full 1):
 def new generation   total 39424K, used 36247K [0x05600000, 0x080c0000, 0x100a0000)
  eden space 35072K, 100% used [0x05600000, 0x07840000, 0x07840000)
  from space 4352K,  27% used [0x07c80000, 0x07da5da8, 0x080c0000)
  to   space 4352K,   0% used [0x07840000, 0x07840000, 0x07c80000)
 tenured generation   total 87424K, used 31509K [0x100a0000, 0x15600000, 0x25600000)
   the space 87424K,  36% used [0x100a0000, 0x11f65570, 0x11f65600, 0x15600000)
 Metaspace       used 19085K, capacity 19572K, committed 19584K, reserved 19840K
Event: 4078.371 GC heap after
Heap after GC invocations=47 (full 1):
 def new generation   total 39424K, used 1204K [0x05600000, 0x080c0000, 0x100a0000)
  eden space 35072K,   0% used [0x05600000, 0x05600000, 0x07840000)
  from space 4352K,  27% used [0x07840000, 0x0796d348, 0x07c80000)
  to   space 4352K,   0% used [0x07c80000, 0x07c80000, 0x080c0000)
 tenured generation   total 87424K, used 31509K [0x100a0000, 0x15600000, 0x25600000)
   the space 87424K,  36% used [0x100a0000, 0x11f65570, 0x11f65600, 0x15600000)
 Metaspace       used 19085K, capacity 19572K, committed 19584K, reserved 19840K
}
Event: 4236.456 GC heap before
{Heap before GC invocations=47 (full 1):
 def new generation   total 39424K, used 36276K [0x05600000, 0x080c0000, 0x100a0000)
  eden space 35072K, 100% used [0x05600000, 0x07840000, 0x07840000)
  from space 4352K,  27% used [0x07840000, 0x0796d348, 0x07c80000)
  to   space 4352K,   0% used [0x07c80000, 0x07c80000, 0x080c0000)
 tenured generation   total 87424K, used 31509K [0x100a0000, 0x15600000, 0x25600000)
   the space 87424K,  36% used [0x100a0000, 0x11f65570, 0x11f65600, 0x15600000)
 Metaspace       used 19089K, capacity 19579K, committed 19584K, reserved 19840K
Event: 4236.464 GC heap after
Heap after GC invocations=48 (full 1):
 def new generation   total 39424K, used 3338K [0x05600000, 0x080c0000, 0x100a0000)
  eden space 35072K,   0% used [0x05600000, 0x05600000, 0x07840000)
  from space 4352K,  76% used [0x07c80000, 0x07fc2bd0, 0x080c0000)
  to   space 4352K,   0% used [0x07840000, 0x07840000, 0x07c80000)
 tenured generation   total 87424K, used 31509K [0x100a0000, 0x15600000, 0x25600000)
   the space 87424K,  36% used [0x100a0000, 0x11f65570, 0x11f65600, 0x15600000)
 Metaspace       used 19089K, capacity 19579K, committed 19584K, reserved 19840K
}
Event: 4446.735 GC heap before
{Heap before GC invocations=48 (full 1):
 def new generation   total 39424K, used 38410K [0x05600000, 0x080c0000, 0x100a0000)
  eden space 35072K, 100% used [0x05600000, 0x07840000, 0x07840000)
  from space 4352K,  76% used [0x07c80000, 0x07fc2bd0, 0x080c0000)
  to   space 4352K,   0% used [0x07840000, 0x07840000, 0x07c80000)
 tenured generation   total 87424K, used 31509K [0x100a0000, 0x15600000, 0x25600000)
   the space 87424K,  36% used [0x100a0000, 0x11f65570, 0x11f65600, 0x15600000)
 Metaspace       used 19091K, capacity 19582K, committed 19584K, reserved 19840K
Event: 4446.742 GC heap after
Heap after GC invocations=49 (full 1):
 def new generation   total 39424K, used 176K [0x05600000, 0x080c0000, 0x100a0000)
  eden space 35072K,   0% used [0x05600000, 0x05600000, 0x07840000)
  from space 4352K,   4% used [0x07840000, 0x0786c278, 0x07c80000)
  to   space 4352K,   0% used [0x07c80000, 0x07c80000, 0x080c0000)
 tenured generation   total 87424K, used 34702K [0x100a0000, 0x15600000, 0x25600000)
   the space 87424K,  39% used [0x100a0000, 0x12283b60, 0x12283c00, 0x15600000)
 Metaspace       used 19091K, capacity 19582K, committed 19584K, reserved 19840K
}
Event: 4533.864 GC heap before
{Heap before GC invocations=49 (full 1):
 def new generation   total 39424K, used 35247K [0x05600000, 0x080c0000, 0x100a0000)
  eden space 35072K,  99% used [0x05600000, 0x0783fd28, 0x07840000)
  from space 4352K,   4% used [0x07840000, 0x0786c278, 0x07c80000)
  to   space 4352K,   0% used [0x07c80000, 0x07c80000, 0x080c0000)
 tenured generation   total 87424K, used 34702K [0x100a0000, 0x15600000, 0x25600000)
   the space 87424K,  39% used [0x100a0000, 0x12283b60, 0x12283c00, 0x15600000)
 Metaspace       used 19091K, capacity 19582K, committed 19584K, reserved 19840K
Event: 4533.869 GC heap after
Heap after GC invocations=50 (full 1):
 def new generation   total 39424K, used 2796K [0x05600000, 0x080c0000, 0x100a0000)
  eden space 35072K,   0% used [0x05600000, 0x05600000, 0x07840000)
  from space 4352K,  64% used [0x07c80000, 0x07f3b2f8, 0x080c0000)
  to   space 4352K,   0% used [0x07840000, 0x07840000, 0x07c80000)
 tenured generation   total 87424K, used 34702K [0x100a0000, 0x15600000, 0x25600000)
   the space 87424K,  39% used [0x100a0000, 0x12283b60, 0x12283c00, 0x15600000)
 Metaspace       used 19091K, capacity 19582K, committed 19584K, reserved 19840K
}

Deoptimization events (0 events):
No events

Internal exceptions (10 events):
Event: 4534.010 Thread 0x27817400 Exception <a 'sun/nio/fs/WindowsException'> (0x058c5578) thrown at [C:\workspace\8-2-build-windows-i586-cygwin\jdk8u92\6642\hotspot\src\share\vm\prims\jni.cpp, line 709]
Event: 4534.010 Thread 0x27817400 Exception <a 'sun/nio/fs/WindowsException'> (0x058c5be8) thrown at [C:\workspace\8-2-build-windows-i586-cygwin\jdk8u92\6642\hotspot\src\share\vm\prims\jni.cpp, line 709]
Event: 4534.011 Thread 0x27817400 Exception <a 'sun/nio/fs/WindowsException'> (0x058cfe50) thrown at [C:\workspace\8-2-build-windows-i586-cygwin\jdk8u92\6642\hotspot\src\share\vm\prims\jni.cpp, line 709]
Event: 4534.011 Thread 0x27817400 Exception <a 'sun/nio/fs/WindowsException'> (0x058d0448) thrown at [C:\workspace\8-2-build-windows-i586-cygwin\jdk8u92\6642\hotspot\src\share\vm\prims\jni.cpp, line 709]
Event: 4534.013 Thread 0x27817400 Exception <a 'sun/nio/fs/WindowsException'> (0x058da440) thrown at [C:\workspace\8-2-build-windows-i586-cygwin\jdk8u92\6642\hotspot\src\share\vm\prims\jni.cpp, line 709]
Event: 4534.013 Thread 0x27817400 Exception <a 'sun/nio/fs/WindowsException'> (0x058daa48) thrown at [C:\workspace\8-2-build-windows-i586-cygwin\jdk8u92\6642\hotspot\src\share\vm\prims\jni.cpp, line 709]
Event: 4534.016 Thread 0x27817400 Exception <a 'sun/nio/fs/WindowsException'> (0x058e93b0) thrown at [C:\workspace\8-2-build-windows-i586-cygwin\jdk8u92\6642\hotspot\src\share\vm\prims\jni.cpp, line 709]
Event: 4534.017 Thread 0x27817400 Exception <a 'sun/nio/fs/WindowsException'> (0x058e9918) thrown at [C:\workspace\8-2-build-windows-i586-cygwin\jdk8u92\6642\hotspot\src\share\vm\prims\jni.cpp, line 709]
Event: 4534.018 Thread 0x27817400 Exception <a 'sun/nio/fs/WindowsException'> (0x058f5e38) thrown at [C:\workspace\8-2-build-windows-i586-cygwin\jdk8u92\6642\hotspot\src\share\vm\prims\jni.cpp, line 709]
Event: 4534.019 Thread 0x27817400 Exception <a 'sun/nio/fs/WindowsException'> (0x058f63e0) thrown at [C:\workspace\8-2-build-windows-i586-cygwin\jdk8u92\6642\hotspot\src\share\vm\prims\jni.cpp, line 709]

Events (10 events):
Event: 4570.650 Thread 0x25c52000 flushing nmethod 0x0388d748
Event: 4570.650 Thread 0x25c52000 flushing nmethod 0x0388f188
Event: 4570.650 Thread 0x25c52000 flushing nmethod 0x03897908
Event: 4570.650 Thread 0x25c52000 flushing nmethod 0x03898f48
Event: 4573.082 Executing VM operation: RevokeBias
Event: 4573.082 Executing VM operation: RevokeBias done
Event: 4573.112 Thread 0x25c52000 flushing nmethod 0x03898ac8
Event: 4573.112 Thread 0x25c52000 flushing nmethod 0x03898c88
Event: 4573.112 Thread 0x25c52000 flushing nmethod 0x0389a708
Event: 4573.112 Thread 0x25c52000 flushing nmethod 0x0389a908


Dynamic libraries:
0x01320000 - 0x01353000 	C:\Program Files (x86)\Arduino\java\bin\javaw.exe
0x77da0000 - 0x77f22000 	C:\WINDOWS\SYSTEM32\ntdll.dll
0x75540000 - 0x75620000 	C:\WINDOWS\System32\KERNEL32.DLL
0x74d00000 - 0x74ea1000 	C:\WINDOWS\System32\KERNELBASE.dll
0x75080000 - 0x750f7000 	C:\WINDOWS\System32\ADVAPI32.dll
0x75c40000 - 0x75cfe000 	C:\WINDOWS\System32\msvcrt.dll
0x76580000 - 0x765c1000 	C:\WINDOWS\System32\sechost.dll
0x77cb0000 - 0x77d71000 	C:\WINDOWS\System32\RPCRT4.dll
0x74860000 - 0x7487e000 	C:\WINDOWS\System32\SspiCli.dll
0x74850000 - 0x7485a000 	C:\WINDOWS\System32\CRYPTBASE.dll
0x75670000 - 0x756ca000 	C:\WINDOWS\System32\bcryptPrimitives.dll
0x75260000 - 0x753bf000 	C:\WINDOWS\System32\USER32.dll
0x75630000 - 0x75645000 	C:\WINDOWS\System32\win32u.dll
0x74cd0000 - 0x74cfb000 	C:\WINDOWS\System32\GDI32.dll
0x75ae0000 - 0x75c3b000 	C:\WINDOWS\System32\gdi32full.dll
0x737a0000 - 0x739aa000 	C:\WINDOWS\WinSxS\x86_microsoft.windows.common-controls_6595b64144ccf1df_6.0.14393.447_none_89c64d28dafea4b9\COMCTL32.dll
0x748c0000 - 0x74ad1000 	C:\WINDOWS\System32\combase.dll
0x74eb0000 - 0x74f90000 	C:\WINDOWS\System32\ucrtbase.dll
0x74ff0000 - 0x75015000 	C:\WINDOWS\System32\IMM32.DLL
0x73a20000 - 0x73adf000 	C:\Program Files (x86)\Arduino\java\bin\msvcr100.dll
0x6ec70000 - 0x6f03b000 	C:\Program Files (x86)\Arduino\java\bin\client\jvm.dll
0x77d80000 - 0x77d86000 	C:\WINDOWS\System32\PSAPI.DLL
0x73b10000 - 0x73b34000 	C:\WINDOWS\SYSTEM32\WINMM.dll
0x739d0000 - 0x739d8000 	C:\WINDOWS\SYSTEM32\VERSION.dll
0x71ca0000 - 0x71ca8000 	C:\WINDOWS\SYSTEM32\WSOCK32.dll
0x73ae0000 - 0x73b03000 	C:\WINDOWS\SYSTEM32\WINMMBASE.dll
0x75100000 - 0x75163000 	C:\WINDOWS\System32\WS2_32.dll
0x74880000 - 0x748b6000 	C:\WINDOWS\System32\cfgmgr32.dll
0x739e0000 - 0x73a11000 	C:\Program Files (x86)\Arduino\java\bin\splashscreen.dll
0x73710000 - 0x73785000 	C:\WINDOWS\system32\uxtheme.dll
0x73b60000 - 0x73b6c000 	C:\Program Files (x86)\Arduino\java\bin\verify.dll
0x77b60000 - 0x77c95000 	C:\WINDOWS\System32\MSCTF.dll
0x75d00000 - 0x75d94000 	C:\WINDOWS\System32\OLEAUT32.dll
0x74c50000 - 0x74ccb000 	C:\WINDOWS\System32\msvcp_win.dll
0x734b0000 - 0x734d1000 	C:\Program Files (x86)\Arduino\java\bin\java.dll
0x77d90000 - 0x77d9d000 	C:\WINDOWS\System32\kernel.appcore.dll
0x73b40000 - 0x73b53000 	C:\Program Files (x86)\Arduino\java\bin\zip.dll
0x76780000 - 0x77b59000 	C:\WINDOWS\System32\SHELL32.dll
0x75e90000 - 0x763fe000 	C:\WINDOWS\System32\windows.storage.dll
0x76730000 - 0x76775000 	C:\WINDOWS\System32\powrprof.dll
0x75030000 - 0x75076000 	C:\WINDOWS\System32\shlwapi.dll
0x751d0000 - 0x75258000 	C:\WINDOWS\System32\shcore.dll
0x765d0000 - 0x765df000 	C:\WINDOWS\System32\profapi.dll
0x75da0000 - 0x75e8a000 	C:\WINDOWS\System32\ole32.dll
0x76450000 - 0x764d4000 	C:\WINDOWS\System32\clbcatq.dll
0x74150000 - 0x7429f000 	C:\WINDOWS\SYSTEM32\PROPSYS.dll
0x71eb0000 - 0x71f42000 	C:\WINDOWS\SYSTEM32\apphelp.dll
0x73b70000 - 0x73b8f000 	C:\WINDOWS\system32\dwmapi.dll
0x71330000 - 0x71482000 	C:\WINDOWS\SYSTEM32\UIAutomationCore.DLL
0x739b0000 - 0x739ca000 	C:\WINDOWS\SYSTEM32\USERENV.dll
0x73190000 - 0x732d5000 	C:\Program Files (x86)\Arduino\java\bin\awt.dll
0x61740000 - 0x6176c000 	C:\Program Files (x86)\Arduino\lib\listSerialsj.dll
0x756d0000 - 0x75adb000 	C:\WINDOWS\System32\SETUPAPI.dll
0x74130000 - 0x74143000 	C:\WINDOWS\SYSTEM32\CRYPTSP.dll
0x74100000 - 0x7412f000 	C:\WINDOWS\system32\rsaenh.dll
0x74330000 - 0x7434b000 	C:\WINDOWS\SYSTEM32\bcrypt.dll
0x73580000 - 0x73596000 	C:\Program Files (x86)\Arduino\java\bin\net.dll
0x742d0000 - 0x7431e000 	C:\WINDOWS\system32\mswsock.dll
0x74050000 - 0x7407f000 	C:\WINDOWS\SYSTEM32\IPHLPAPI.DLL
0x75620000 - 0x75627000 	C:\WINDOWS\System32\NSI.dll
0x73f00000 - 0x73f13000 	C:\WINDOWS\SYSTEM32\dhcpcsvc6.DLL
0x73f50000 - 0x73f64000 	C:\WINDOWS\SYSTEM32\dhcpcsvc.DLL
0x73470000 - 0x7347f000 	C:\Program Files (x86)\Arduino\java\bin\nio.dll
0x26fe0000 - 0x2701d000 	C:\Users\leadi\AppData\Local\Temp\jna-102845581\jna2846812300305068451.dll
0x73150000 - 0x73189000 	C:\Program Files (x86)\Arduino\java\bin\fontmanager.dll
0x73110000 - 0x73142000 	C:\Program Files (x86)\Arduino\java\bin\t2k.dll
0x73f20000 - 0x73f42000 	C:\WINDOWS\SYSTEM32\DEVOBJ.dll
0x76400000 - 0x76444000 	C:\WINDOWS\System32\WINTRUST.dll
0x77ca0000 - 0x77cae000 	C:\WINDOWS\System32\MSASN1.dll
0x753c0000 - 0x7553d000 	C:\WINDOWS\System32\CRYPT32.dll
0x74080000 - 0x740fc000 	C:\WINDOWS\SYSTEM32\DNSAPI.dll
0x74020000 - 0x74041000 	C:\Program Files (x86)\Bonjour\mdnsNSP.dll
0x73fc0000 - 0x73fc8000 	C:\Windows\System32\rasadhlp.dll
0x730a0000 - 0x73109000 	C:\Program Files (x86)\Arduino\msvcp100.dll
0x72e70000 - 0x72f2e000 	C:\Program Files (x86)\Arduino\msvcr100.dll
0x288c0000 - 0x288f2000 	C:\Program Files (x86)\Arduino\lib\AStylej.dll
0x72e40000 - 0x72e64000 	C:\Program Files (x86)\Arduino\java\bin\dcpr.dll
0x732e0000 - 0x7344e000 	C:\WINDOWS\SYSTEM32\WindowsCodecs.dll
0x72df0000 - 0x72e34000 	C:\WINDOWS\system32\dataexchange.dll
0x72770000 - 0x7299f000 	C:\WINDOWS\system32\d3d11.dll
0x72650000 - 0x72763000 	C:\WINDOWS\system32\dcomp.dll
0x72470000 - 0x724f4000 	C:\WINDOWS\system32\dxgi.dll
0x72510000 - 0x72601000 	C:\WINDOWS\system32\twinapi.appcore.dll
0x720c0000 - 0x721e8000 	C:\WINDOWS\system32\IME\IMETC\IMTCTIP.DLL
0x71f50000 - 0x720b8000 	C:\WINDOWS\SYSTEM32\DUI70.dll
0x71860000 - 0x71974000 	C:\Windows\System32\IME\shared\imetip.dll
0x71800000 - 0x71854000 	C:\WINDOWS\SYSTEM32\OLEACC.dll
0x717c0000 - 0x717fb000 	C:\WINDOWS\system32\IME\IMETC\IMTCCFG.DLL
0x716d0000 - 0x717b5000 	C:\WINDOWS\system32\IME\IMETC\IMTCCORE.DLL
0x73480000 - 0x734a9000 	C:\Windows\System32\IME\shared\imecfm.dll
0x70940000 - 0x709cf000 	C:\WINDOWS\SYSTEM32\wer.dll
0x71490000 - 0x71603000 	C:\Windows\System32\IME\shared\mscand20.dll
0x712b0000 - 0x7132b000 	C:\WINDOWS\SYSTEM32\DUser.dll
0x72500000 - 0x72506000 	C:\WINDOWS\SYSTEM32\MSIMG32.dll
0x73fd0000 - 0x74019000 	C:\WINDOWS\System32\fwpuclnt.dll
0x64000000 - 0x6401b000 	C:\Users\leadi\.jssc\windows\jSSC-2.8_x86.dll
0x72da0000 - 0x72de2000 	C:\Windows\System32\IME\SHARED\imelm.dll
0x73f90000 - 0x73fb8000 	C:\WINDOWS\SYSTEM32\ntmarta.dll
0x70570000 - 0x706b5000 	C:\WINDOWS\SYSTEM32\dbghelp.dll

VM Arguments:
jvm_args: -Dsun.java2d.d3d=false -Djna.nosys=true -DAPP_DIR=C:\Program Files (x86)\Arduino -Xms128M -Xmx512M 
java_command: processing.app.Base C:\Users\leadi\Desktop\c4\ccc\ccc.ino
java_class_path (initial): C:\Program Files (x86)\Arduino\lib\apple.jar;C:\Program Files (x86)\Arduino\lib\arduino-core.jar;C:\Program Files (x86)\Arduino\lib\batik-1.8.jar;C:\Program Files (x86)\Arduino\lib\batik-anim-1.8.jar;C:\Program Files (x86)\Arduino\lib\batik-awt-util-1.8.jar;C:\Program Files (x86)\Arduino\lib\batik-bridge-1.8.jar;C:\Program Files (x86)\Arduino\lib\batik-codec-1.8.jar;C:\Program Files (x86)\Arduino\lib\batik-css-1.8.jar;C:\Program Files (x86)\Arduino\lib\batik-dom-1.8.jar;C:\Program Files (x86)\Arduino\lib\batik-ext-1.8.jar;C:\Program Files (x86)\Arduino\lib\batik-gvt-1.8.jar;C:\Program Files (x86)\Arduino\lib\batik-parser-1.8.jar;C:\Program Files (x86)\Arduino\lib\batik-rasterizer-1.8.jar;C:\Program Files (x86)\Arduino\lib\batik-script-1.8.jar;C:\Program Files (x86)\Arduino\lib\batik-squiggle-1.8.jar;C:\Program Files (x86)\Arduino\lib\batik-svg-dom-1.8.jar;C:\Program Files (x86)\Arduino\lib\batik-svgpp-1.8.jar;C:\Program Files (x86)\Arduino\lib\batik-transcoder-1.8.jar;C:\Program Files (x86)\Arduino\lib\batik-util-1.8.jar;C:\Program Files (x86)\Arduino\lib\batik-xml-1.8.jar;C:\Program Files (x86)\Arduino\lib\bcpg-jdk15on-152.jar;C:\Program Files (x86)\Arduino\lib\bcprov-jdk15on-152.jar;C:\Program Files (x86)\Arduino\lib\commons-codec-1.7.jar;C:\Program Files (x86)\Arduino\lib\commons-compress-1.8.jar;C:\Program Files (x86)\Arduino\lib\commons-exec-1.1.jar;C:\Program Files (x86)\Arduino\lib\commons-httpclient-3.1.jar;C:\Program Files (x86)\Arduino\lib\commons-lang3-3.3.2.jar;C:\Program Files (x86)\Arduino\lib\commons-logging-1.0.4.jar;C:\Program Files (x86)\Arduino\lib\commons-net-3.3.jar;C:\Program Files (x86)\Arduino\lib\jackson-annotations-2.6.3.jar;C:\Program Files (x86)\Arduino\lib\jackson-core-2.6.3.jar;C:\Program Files (x86)\Arduino\lib\jackson-databind-2.6.3.jar;C:\Program Files (x86)\Arduino\lib\jackson-module-mrbean-2.6.3.jar;C:\Program Files (x86)\Arduino\lib\java-semver-0.8.0.jar;C:\Program Files (x86)\Arduino\lib\jmdns-3.4.1.j
Launcher Type: SUN_STANDARD

Environment Variables:
PATH=C:\Program Files (x86)\NVIDIA Corporation\PhysX\Common;C:\Program Files\Java\jdk1.8.0_101\bin;C:\ProgramData\Oracle\Java\javapath;C:\WINDOWS\system32;C:\WINDOWS;C:\WINDOWS\System32\Wbem;C:\WINDOWS\System32\WindowsPowerShell\v1.0\;C:\Program Files\Microsoft SQL Server\Client SDK\ODBC\110\Tools\Binn\;C:\Program Files (x86)\Microsoft SQL Server\120\Tools\Binn\;C:\Program Files\Microsoft SQL Server\120\Tools\Binn\;C:\Program Files\Microsoft SQL Server\120\DTS\Binn\;C:\Program Files (x86)\Windows Kits\8.1\Windows Performance Toolkit\;;d:\Program Files\Microsoft VS Code\bin;C:\Users\leadi\AppData\Local\Microsoft\WindowsApps;C:\Program Files (x86)\Arduino\java\bin
USERNAME=leadi
OS=Windows_NT
PROCESSOR_IDENTIFIER=Intel64 Family 6 Model 42 Stepping 7, GenuineIntel



---------------  S Y S T E M  ---------------

OS: Windows 10.0 , 64 bit Build 14393 (10.0.14393.0)

CPU:total 4 (2 cores per cpu, 2 threads per core) family 6 model 42 stepping 7, cmov, cx8, fxsr, mmx, sse, sse2, sse3, ssse3, sse4.1, sse4.2, popcnt, avx, clmul, ht, tsc, tscinvbit

Memory: 4k page, physical 4057960k(1042568k free), swap 8842460k(2880444k free)

vm_info: Java HotSpot(TM) Client VM (25.92-b14) for windows-x86 JRE (1.8.0_92-b14), built on Mar 31 2016 21:09:21 by "java_re" with MS VC++ 10.0 (VS2010)

time: Sat Nov 19 10:53:57 2016
elapsed time: 4573 seconds (0d 1h 16m 13s)

